<?xml version="1.0" encoding="UTF-8"?>
<!-- Generated by org.testng.reporters.JUnitReportReporter -->
<testsuite hostname="DESKTOP-M2MC62A" failures="0" tests="1" name="actiTime_testscripts.Task_003_driver" time="78.845" errors="0" timestamp="2022-10-24T23:11:16 IST" skipped="0">
  <testcase classname="actiTime_testscripts.Task_003_driver" name="Task_003" time="78.845"/>
  <system-out>
    <![CDATA[CreateNewTask]]>
  </system-out>
</testsuite> <!-- actiTime_testscripts.Task_003_driver -->
