<?xml version="1.0" encoding="UTF-8"?>
<!-- Generated by org.testng.reporters.JUnitReportReporter -->
<testsuite hostname="DESKTOP-M2MC62A" failures="0" tests="1" name="actiTime_testscripts.Task_001_driver" time="47.599" errors="0" timestamp="2022-10-01T23:39:13 IST" skipped="0">
  <testcase classname="actiTime_testscripts.Task_001_driver" name="Task_001" time="47.599"/>
  <system-out>
    <![CDATA[CreateCustomer]]>
  </system-out>
</testsuite> <!-- actiTime_testscripts.Task_001_driver -->
