<?xml version="1.0" encoding="UTF-8"?>
<!-- Generated by org.testng.reporters.JUnitReportReporter -->
<testsuite hostname="DESKTOP-M2MC62A" failures="0" tests="1" name="actiTime_testscripts.Users_001_driver" time="37.774" errors="0" timestamp="2022-10-29T23:10:16 IST" skipped="0">
  <testcase classname="actiTime_testscripts.Users_001_driver" name="Task_001" time="37.774"/>
  <system-out>
    <![CDATA[CreateNewUser]]>
  </system-out>
</testsuite> <!-- actiTime_testscripts.Users_001_driver -->
