<?xml version="1.0" encoding="UTF-8"?>
<!-- Generated by org.testng.reporters.JUnitReportReporter -->
<testsuite hostname="DESKTOP-M2MC62A" failures="0" tests="1" name="actiTime_testscripts.Task_002_driver" time="51.811" errors="0" timestamp="2022-10-02T17:46:37 IST" skipped="0">
  <testcase classname="actiTime_testscripts.Task_002_driver" name="Task_001" time="51.811"/>
  <system-out>
    <![CDATA[CreateNewProject]]>
  </system-out>
</testsuite> <!-- actiTime_testscripts.Task_002_driver -->
