<?xml version="1.0" encoding="UTF-8"?>
<!-- Generated by org.testng.reporters.JUnitReportReporter -->
<testsuite hostname="DESKTOP-M2MC62A" failures="0" tests="3" name="actiTime.temp" time="0.015" errors="0" timestamp="2022-10-01T16:31:30 IST" skipped="0">
  <testcase classname="actiTime.temp" name="apple" time="0.011"/>
  <system-out>
    <![CDATA[safarchand]]>
  </system-out>
  <testcase classname="actiTime.temp" name="banana" time="0.003"/>
  <system-out>
    <![CDATA[kela]]>
  </system-out>
  <testcase classname="actiTime.temp" name="chickoo" time="0.001"/>
  <system-out>
    <![CDATA[Sapota]]>
  </system-out>
</testsuite> <!-- actiTime.temp -->
