<?xml version="1.0" encoding="UTF-8"?>
<!-- Generated by org.testng.reporters.JUnitReportReporter -->
<testsuite hostname="DESKTOP-M2MC62A" failures="0" tests="1" name="actiTime_testscripts.Task_003_driver" time="66.058" errors="0" timestamp="2022-11-29T11:36:28 IST" skipped="0">
  <testcase classname="actiTime_testscripts.Task_003_driver" name="Task_003" time="66.058"/>
  <system-out>
    <![CDATA[CreateNewTask]]>
  </system-out>
</testsuite> <!-- actiTime_testscripts.Task_003_driver -->
